<?xml version="1.0" encoding="UTF-8"?>
<!-- Generated by org.testng.reporters.JUnitReportReporter -->
<testsuite skipped="0" hostname="Nitz" name="framework.Logs" tests="1" failures="0" timestamp="2019-11-08T19:26:17 IST" time="0.250" errors="0">
  <testcase name="initializelog" time="0.250" classname="framework.Logs"/>
</testsuite> <!-- framework.Logs -->
