<?xml version="1.0" encoding="UTF-8"?>
<!-- Generated by org.testng.reporters.JUnitReportReporter -->
<testsuite skipped="0" hostname="Nitz" name="framework.ExtentReports" tests="1" failures="0" timestamp="2019-11-08T12:05:12 IST" time="0.032" errors="0">
  <testcase name="initializelog" time="0.032" classname="framework.ExtentReports"/>
</testsuite> <!-- framework.ExtentReports -->
