<?xml version="1.0" encoding="UTF-8"?>
<!-- Generated by org.testng.reporters.JUnitReportReporter -->
<testsuite skipped="0" hostname="Nitz" name="framework.configMethods" tests="1" failures="0" timestamp="2019-11-08T19:34:23 IST" time="0.203" errors="0">
  <testcase name="beforesuite" time="0.203" classname="framework.configMethods"/>
</testsuite> <!-- framework.configMethods -->
