<?xml version="1.0" encoding="UTF-8"?>
<!-- Generated by org.testng.reporters.JUnitReportReporter -->
<testsuite hostname="DESKTOP-OIGE0TE" failures="0" tests="8" name="Test.ResultPageTest" time="71.898" errors="0" timestamp="2019-12-25T01:49:28 IST" skipped="0">
  <testcase classname="Test.ResultPageTest" name="navigate_to_homePage" time="51.580"/>
  <testcase classname="Test.ResultPageTest" name="validate_homePage" time="0.888"/>
  <testcase classname="Test.ResultPageTest" name="navigate_to_resultPage" time="4.334"/>
  <testcase classname="Test.ResultPageTest" name="enteringInputInSearch" time="2.205"/>
  <testcase classname="Test.ResultPageTest" name="navigate_to_reviewPage" time="0.544"/>
  <testcase classname="Test.ResultPageTest" name="move_on_reviewLink" time="10.434"/>
  <testcase classname="Test.ResultPageTest" name="click_on_reviewLink" time="1.128"/>
  <testcase classname="Test.ResultPageTest" name="navigate_to_submit_review" time="0.785"/>
</testsuite> <!-- Test.ResultPageTest -->
