<?xml version="1.0" encoding="UTF-8"?>
<!-- Generated by org.testng.reporters.JUnitReportReporter -->
<testsuite hostname="DESKTOP-OIGE0TE" failures="0" tests="3" name="Test.HomePageTest" time="53.596" errors="0" timestamp="2019-12-25T01:03:04 IST" skipped="0">
  <testcase classname="Test.HomePageTest" name="navigate_to_homePage" time="47.604"/>
  <testcase classname="Test.HomePageTest" name="validate_homePage" time="1.043"/>
  <testcase classname="Test.HomePageTest" name="navigate_to_searchPage" time="4.949"/>
</testsuite> <!-- Test.HomePageTest -->
