<?xml version="1.0" encoding="UTF-8"?>
<!-- Generated by org.testng.reporters.JUnitReportReporter -->
<testsuite skipped="0" hostname="Nitz" name="Test.full_serach_form_test" tests="2" failures="0" timestamp="2019-11-26T11:27:51 IST" time="25.664" errors="0">
  <testcase name="login" time="16.826" classname="Test.full_serach_form_test"/>
  <testcase name="navigatefullsearch" time="8.838" classname="Test.full_serach_form_test"/>
</testsuite> <!-- Test.full_serach_form_test -->
