<?xml version="1.0" encoding="UTF-8"?>
<!-- Generated by org.testng.reporters.JUnitReportReporter -->
<testsuite skipped="0" hostname="LAPTOP-4787RIJ8" name="framework1.Addcookies" tests="1" failures="0" timestamp="2020-02-18T16:46:21 IST" time="23.984" errors="0">
  <testcase name="Addcookie" time="23.984" classname="framework1.Addcookies"/>
</testsuite> <!-- framework1.Addcookies -->
