<?xml version="1.0" encoding="UTF-8"?>
<!-- Generated by org.testng.reporters.JUnitReportReporter -->
<testsuite skipped="0" hostname="LAPTOP-4787RIJ8" name="framework1.Relatedxpath" tests="1" failures="0" timestamp="2020-02-22T17:26:27 IST" time="31.120" errors="0">
  <testcase name="related_xpathfile" time="31.120" classname="framework1.Relatedxpath"/>
</testsuite> <!-- framework1.Relatedxpath -->
