<?xml version="1.0" encoding="UTF-8"?>
<!-- Generated by org.testng.reporters.JUnitReportReporter -->
<testsuite skipped="0" hostname="LAPTOP-4787RIJ8" name="test.Crmtest" tests="2" failures="0" timestamp="2020-02-11T13:53:28 IST" time="49.118" errors="0">
  <testcase name="launch" time="11.366" classname="test.Crmtest"/>
  <testcase name="bussinessmethods" time="37.752" classname="test.Crmtest"/>
</testsuite> <!-- test.Crmtest -->
