<?xml version="1.0" encoding="UTF-8"?>
<!-- Generated by org.testng.reporters.JUnitReportReporter -->
<testsuite skipped="0" hostname="LAPTOP-4787RIJ8" name="framework1.Webtable" tests="1" failures="0" timestamp="2020-02-26T22:02:05 IST" time="41.864" errors="0">
  <testcase name="related_xpathfile" time="41.864" classname="framework1.Webtable"/>
</testsuite> <!-- framework1.Webtable -->
