<?xml version="1.0" encoding="UTF-8"?>
<!-- Generated by org.testng.reporters.JUnitReportReporter -->
<testsuite skipped="0" hostname="LAPTOP-4787RIJ8" name="bussinesflow.Bussiness$login" tests="1" failures="0" timestamp="2020-02-10T12:56:18 IST" time="20.760" errors="0">
  <testcase name="loginpage" time="20.760" classname="bussinesflow.Bussiness$login"/>
</testsuite> <!-- bussinesflow.Bussiness$login -->
